<?xml version="1.0" encoding="UTF-8"?>
<coverage generated="1618509630422" clover="3.2.0">
  <project timestamp="1618509630422" name="All files">
    <metrics statements="40" coveredstatements="40" conditionals="20" coveredconditionals="18" methods="4" coveredmethods="4" elements="64" coveredelements="62" complexity="0" loc="40" ncloc="40" packages="1" files="1" classes="1"/>
    <file name="validateCode.js" path="/Users/paoladolcemascolo/Development/code/My apps/desmos-code-jest/validateCode.js">
      <metrics statements="40" coveredstatements="40" conditionals="20" coveredconditionals="18" methods="4" coveredmethods="4"/>
      <line num="3" count="14" type="stmt"/>
      <line num="4" count="14" type="stmt"/>
      <line num="5" count="14" type="stmt"/>
      <line num="6" count="75" type="cond" truecount="2" falsecount="0"/>
      <line num="7" count="1" type="stmt"/>
      <line num="8" count="1" type="cond" truecount="1" falsecount="1"/>
      <line num="9" count="1" type="stmt"/>
      <line num="13" count="14" type="stmt"/>
      <line num="20" count="27" type="stmt"/>
      <line num="21" count="27" type="stmt"/>
      <line num="22" count="27" type="stmt"/>
      <line num="23" count="145" type="cond" truecount="2" falsecount="0"/>
      <line num="24" count="1" type="stmt"/>
      <line num="25" count="1" type="cond" truecount="1" falsecount="1"/>
      <line num="26" count="1" type="stmt"/>
      <line num="29" count="27" type="stmt"/>
      <line num="37" count="13" type="stmt"/>
      <line num="38" count="13" type="stmt"/>
      <line num="39" count="13" type="stmt"/>
      <line num="40" count="13" type="stmt"/>
      <line num="41" count="13" type="stmt"/>
      <line num="42" count="13" type="stmt"/>
      <line num="43" count="14" type="stmt"/>
      <line num="44" count="14" type="stmt"/>
      <line num="45" count="14" type="cond" truecount="4" falsecount="0"/>
      <line num="46" count="1" type="stmt"/>
      <line num="49" count="13" type="stmt"/>
      <line num="51" count="14" type="stmt"/>
      <line num="52" count="14" type="cond" truecount="2" falsecount="0"/>
      <line num="53" count="13" type="stmt"/>
      <line num="55" count="13" type="stmt"/>
      <line num="61" count="3" type="stmt"/>
      <line num="62" count="3" type="stmt"/>
      <line num="64" count="3" type="cond" truecount="2" falsecount="0"/>
      <line num="65" count="1" type="stmt"/>
      <line num="67" count="2" type="stmt"/>
      <line num="68" count="14" type="cond" truecount="4" falsecount="0"/>
      <line num="69" count="1" type="stmt"/>
      <line num="73" count="1" type="stmt"/>
      <line num="76" count="1" type="stmt"/>
    </file>
  </project>
</coverage>
