{"/Users/paoladolcemascolo/Development/code/My apps/desmos-code-jest/validateCode.js": {"path":"/Users/paoladolcemascolo/Development/code/My apps/desmos-code-jest/validateCode.js","statementMap":{"0":{"start":{"line":3,"column":21},"end":{"line":3,"column":29}},"1":{"start":{"line":4,"column":17},"end":{"line":4,"column":25}},"2":{"start":{"line":5,"column":4},"end":{"line":12,"column":2}},"3":{"start":{"line":5,"column":16},"end":{"line":5,"column":17}},"4":{"start":{"line":6,"column":6},"end":{"line":11,"column":4}},"5":{"start":{"line":7,"column":8},"end":{"line":7,"column":25}},"6":{"start":{"line":8,"column":7},"end":{"line":10,"column":11}},"7":{"start":{"line":9,"column":8},"end":{"line":9,"column":32}},"8":{"start":{"line":13,"column":1},"end":{"line":13,"column":17}},"9":{"start":{"line":20,"column":21},"end":{"line":20,"column":29}},"10":{"start":{"line":21,"column":17},"end":{"line":21,"column":19}},"11":{"start":{"line":22,"column":4},"end":{"line":28,"column":2}},"12":{"start":{"line":22,"column":16},"end":{"line":22,"column":17}},"13":{"start":{"line":23,"column":3},"end":{"line":27,"column":4}},"14":{"start":{"line":24,"column":2},"end":{"line":24,"column":19}},"15":{"start":{"line":25,"column":4},"end":{"line":26,"column":27}},"16":{"start":{"line":26,"column":3},"end":{"line":26,"column":27}},"17":{"start":{"line":29,"column":1},"end":{"line":29,"column":17}},"18":{"start":{"line":37,"column":25},"end":{"line":37,"column":27}},"19":{"start":{"line":38,"column":28},"end":{"line":38,"column":30}},"20":{"start":{"line":39,"column":28},"end":{"line":39,"column":30}},"21":{"start":{"line":40,"column":18},"end":{"line":40,"column":22}},"22":{"start":{"line":41,"column":2},"end":{"line":41,"column":55}},"23":{"start":{"line":42,"column":1},"end":{"line":54,"column":2}},"24":{"start":{"line":42,"column":14},"end":{"line":42,"column":15}},"25":{"start":{"line":43,"column":2},"end":{"line":43,"column":58}},"26":{"start":{"line":44,"column":2},"end":{"line":44,"column":60}},"27":{"start":{"line":45,"column":2},"end":{"line":50,"column":3}},"28":{"start":{"line":46,"column":3},"end":{"line":46,"column":20}},"29":{"start":{"line":49,"column":3},"end":{"line":49,"column":21}},"30":{"start":{"line":51,"column":2},"end":{"line":51,"column":41}},"31":{"start":{"line":52,"column":2},"end":{"line":53,"column":9}},"32":{"start":{"line":53,"column":3},"end":{"line":53,"column":9}},"33":{"start":{"line":55,"column":1},"end":{"line":55,"column":18}},"34":{"start":{"line":61,"column":13},"end":{"line":61,"column":25}},"35":{"start":{"line":62,"column":19},"end":{"line":62,"column":42}},"36":{"start":{"line":64,"column":1},"end":{"line":72,"column":2}},"37":{"start":{"line":65,"column":4},"end":{"line":65,"column":16}},"38":{"start":{"line":67,"column":4},"end":{"line":71,"column":5}},"39":{"start":{"line":67,"column":17},"end":{"line":67,"column":18}},"40":{"start":{"line":68,"column":6},"end":{"line":70,"column":7}},"41":{"start":{"line":69,"column":7},"end":{"line":69,"column":19}},"42":{"start":{"line":73,"column":2},"end":{"line":73,"column":13}},"43":{"start":{"line":76,"column":1},"end":{"line":76,"column":30}}},"fnMap":{"0":{"name":"findStartIndexOfPattern","decl":{"start":{"line":2,"column":9},"end":{"line":2,"column":32}},"loc":{"start":{"line":2,"column":43},"end":{"line":14,"column":1}},"line":2},"1":{"name":"findEndIndexOfPattern","decl":{"start":{"line":19,"column":9},"end":{"line":19,"column":30}},"loc":{"start":{"line":19,"column":41},"end":{"line":30,"column":1}},"line":19},"2":{"name":"match","decl":{"start":{"line":36,"column":9},"end":{"line":36,"column":14}},"loc":{"start":{"line":36,"column":24},"end":{"line":56,"column":1}},"line":36},"3":{"name":"validateCode","decl":{"start":{"line":60,"column":9},"end":{"line":60,"column":21}},"loc":{"start":{"line":60,"column":61},"end":{"line":74,"column":1}},"line":60}},"branchMap":{"0":{"loc":{"start":{"line":6,"column":6},"end":{"line":11,"column":4}},"type":"if","locations":[{"start":{"line":6,"column":6},"end":{"line":11,"column":4}},{"start":{"line":6,"column":6},"end":{"line":11,"column":4}}],"line":6},"1":{"loc":{"start":{"line":8,"column":7},"end":{"line":10,"column":11}},"type":"if","locations":[{"start":{"line":8,"column":7},"end":{"line":10,"column":11}},{"start":{"line":8,"column":7},"end":{"line":10,"column":11}}],"line":8},"2":{"loc":{"start":{"line":23,"column":3},"end":{"line":27,"column":4}},"type":"if","locations":[{"start":{"line":23,"column":3},"end":{"line":27,"column":4}},{"start":{"line":23,"column":3},"end":{"line":27,"column":4}}],"line":23},"3":{"loc":{"start":{"line":25,"column":4},"end":{"line":26,"column":27}},"type":"if","locations":[{"start":{"line":25,"column":4},"end":{"line":26,"column":27}},{"start":{"line":25,"column":4},"end":{"line":26,"column":27}}],"line":25},"4":{"loc":{"start":{"line":45,"column":2},"end":{"line":50,"column":3}},"type":"if","locations":[{"start":{"line":45,"column":2},"end":{"line":50,"column":3}},{"start":{"line":45,"column":2},"end":{"line":50,"column":3}}],"line":45},"5":{"loc":{"start":{"line":45,"column":6},"end":{"line":45,"column":86}},"type":"binary-expr","locations":[{"start":{"line":45,"column":6},"end":{"line":45,"column":44}},{"start":{"line":45,"column":48},"end":{"line":45,"column":86}}],"line":45},"6":{"loc":{"start":{"line":52,"column":2},"end":{"line":53,"column":9}},"type":"if","locations":[{"start":{"line":52,"column":2},"end":{"line":53,"column":9}},{"start":{"line":52,"column":2},"end":{"line":53,"column":9}}],"line":52},"7":{"loc":{"start":{"line":64,"column":1},"end":{"line":72,"column":2}},"type":"if","locations":[{"start":{"line":64,"column":1},"end":{"line":72,"column":2}},{"start":{"line":64,"column":1},"end":{"line":72,"column":2}}],"line":64},"8":{"loc":{"start":{"line":68,"column":6},"end":{"line":70,"column":7}},"type":"if","locations":[{"start":{"line":68,"column":6},"end":{"line":70,"column":7}},{"start":{"line":68,"column":6},"end":{"line":70,"column":7}}],"line":68},"9":{"loc":{"start":{"line":68,"column":10},"end":{"line":68,"column":109}},"type":"binary-expr","locations":[{"start":{"line":68,"column":10},"end":{"line":68,"column":59}},{"start":{"line":68,"column":63},"end":{"line":68,"column":109}}],"line":68}},"s":{"0":14,"1":14,"2":14,"3":14,"4":75,"5":1,"6":1,"7":1,"8":14,"9":27,"10":27,"11":27,"12":27,"13":145,"14":1,"15":1,"16":1,"17":27,"18":13,"19":13,"20":13,"21":13,"22":13,"23":13,"24":13,"25":14,"26":14,"27":14,"28":1,"29":13,"30":14,"31":14,"32":13,"33":13,"34":3,"35":3,"36":3,"37":1,"38":2,"39":2,"40":14,"41":1,"42":1,"43":1},"f":{"0":14,"1":27,"2":13,"3":3},"b":{"0":[1,74],"1":[1,0],"2":[1,144],"3":[1,0],"4":[1,13],"5":[14,1],"6":[13,1],"7":[1,2],"8":[1,13],"9":[14,13]},"_coverageSchema":"1a1c01bbd47fc00a2c39e90264f33305004495a9","hash":"7f219514b5136519df4edf6a5e1c8f811ef2a9c6"}
}
