TN:
SF:validateCode.js
FN:2,findStartIndexOfPattern
FN:19,findEndIndexOfPattern
FN:36,match
FN:60,validateCode
FNF:4
FNH:4
FNDA:14,findStartIndexOfPattern
FNDA:27,findEndIndexOfPattern
FNDA:13,match
FNDA:3,validateCode
DA:3,14
DA:4,14
DA:5,14
DA:6,75
DA:7,1
DA:8,1
DA:9,1
DA:13,14
DA:20,27
DA:21,27
DA:22,27
DA:23,145
DA:24,1
DA:25,1
DA:26,1
DA:29,27
DA:37,13
DA:38,13
DA:39,13
DA:40,13
DA:41,13
DA:42,13
DA:43,14
DA:44,14
DA:45,14
DA:46,1
DA:49,13
DA:51,14
DA:52,14
DA:53,13
DA:55,13
DA:61,3
DA:62,3
DA:64,3
DA:65,1
DA:67,2
DA:68,14
DA:69,1
DA:73,1
DA:76,1
LF:40
LH:40
BRDA:6,0,0,1
BRDA:6,0,1,74
BRDA:8,1,0,1
BRDA:8,1,1,0
BRDA:23,2,0,1
BRDA:23,2,1,144
BRDA:25,3,0,1
BRDA:25,3,1,0
BRDA:45,4,0,1
BRDA:45,4,1,13
BRDA:45,5,0,14
BRDA:45,5,1,1
BRDA:52,6,0,13
BRDA:52,6,1,1
BRDA:64,7,0,1
BRDA:64,7,1,2
BRDA:68,8,0,1
BRDA:68,8,1,13
BRDA:68,9,0,14
BRDA:68,9,1,13
BRF:20
BRH:18
end_of_record
